2024-02-15T20:00:00.901Z [info]: User POST item
2024-02-15T20:00:03.402Z [info]: User POST item
2024-02-15T20:00:07.562Z [info]: User POST item
2024-02-15T20:00:10.562Z [info]: User POST item
2024-02-15T20:00:18.105Z [info]: User GET list
2024-02-15T20:00:24.622Z [info]: User PUT item
2024-02-15T20:00:27.683Z [info]: User GET list
2024-02-15T20:00:32.162Z [info]: User DELETE item
2024-02-15T20:00:39.592Z [error]: An error occurred: [object Object]
2024-02-15T20:00:55.459Z [error]: An error occurred: [object Object]
2024-02-15T20:01:06.562Z [error]: An error occurred: Not Found
2024-02-15T20:01:17.133Z [info]: User GET list
2024-02-15T20:01:25.104Z [info]: User POST item
2024-02-15T20:01:28.363Z [info]: User POST item
2024-02-15T20:01:31.367Z [info]: User POST item
2024-02-15T20:01:33.744Z [info]: User POST item
2024-02-15T20:01:36.702Z [info]: User GET list
2024-02-15T20:01:39.020Z [info]: User PUT item
2024-02-15T20:01:41.920Z [info]: User GET list
2024-02-15T20:01:45.357Z [info]: User DELETE item
2024-02-15T20:01:47.530Z [info]: User GET list
